<?xml version="1.0" encoding="UTF-8"?>
<!-- Generated by org.testng.reporters.JUnitReportReporter -->
<testsuite skipped="1" hostname="DESKTOP-H6B6O4U" name="com.addchart.demo.AmazChgCountryTest" tests="1" failures="0" timestamp="2020-04-28T21:21:19 IST" time="0.000" errors="0">
  <testcase name="changeCountrySetting" time="0.000" classname="com.addchart.demo.AmazChgCountryTest">
    <skipped/>
  </testcase> <!-- changeCountrySetting -->
  <system-out/>
</testsuite> <!-- com.addchart.demo.AmazChgCountryTest -->
