<?xml version="1.0" encoding="UTF-8"?>
<!-- Generated by org.testng.reporters.JUnitReportReporter -->
<testsuite skipped="0" hostname="DESKTOP-H6B6O4U" name="com.addchart.demo.BasicTest" tests="1" failures="0" timestamp="2020-04-26T17:41:23 IST" time="19.969" errors="0">
  <testcase name="BaseTest" time="19.969" classname="com.addchart.demo.BasicTest"/>
  <system-out/>
</testsuite> <!-- com.addchart.demo.BasicTest -->
