<?xml version="1.0" encoding="UTF-8"?>
<!-- Generated by org.testng.reporters.JUnitReportReporter -->
<testsuite skipped="0" hostname="DESKTOP-H6B6O4U" name="com.addchart.demo.DummyApp" tests="1" failures="0" timestamp="2020-04-26T10:22:21 IST" time="22.981" errors="0">
  <testcase name="testDragnDrop" time="22.981" classname="com.addchart.demo.DummyApp"/>
  <system-out/>
</testsuite> <!-- com.addchart.demo.DummyApp -->
