<?xml version="1.0" encoding="UTF-8"?>
<!-- Generated by org.testng.reporters.JUnitReportReporter -->
<testsuite skipped="0" hostname="DESKTOP-H6B6O4U" name="com.addchart.demo.AmazLoginTest" tests="1" failures="0" timestamp="2020-04-29T09:14:25 IST" time="33.834" errors="0">
  <testcase name="doLogin" time="33.834" classname="com.addchart.demo.AmazLoginTest"/>
  <system-out/>
</testsuite> <!-- com.addchart.demo.AmazLoginTest -->
