<?xml version="1.0" encoding="UTF-8"?>
<!-- Generated by org.testng.reporters.JUnitReportReporter -->
<testsuite skipped="0" hostname="DESKTOP-H6B6O4U" name="com.addchart.demo.Test1" tests="1" failures="0" timestamp="2020-04-30T12:37:04 IST" time="0.045" errors="0">
  <testcase name="testMethod" time="0.045" classname="com.addchart.demo.Test1"/>
  <system-out/>
</testsuite> <!-- com.addchart.demo.Test1 -->
