<?xml version="1.0" encoding="UTF-8"?>
<!-- Generated by org.testng.reporters.JUnitReportReporter -->
<testsuite skipped="0" hostname="DESKTOP-H6B6O4U" name="com.addchart.demo.DummyAppLngPrs" tests="1" failures="0" timestamp="2020-04-26T10:41:51 IST" time="25.151" errors="0">
  <testcase name="testLongPress" time="25.151" classname="com.addchart.demo.DummyAppLngPrs"/>
  <system-out/>
</testsuite> <!-- com.addchart.demo.DummyAppLngPrs -->
