<?xml version="1.0" encoding="UTF-8"?>
<!-- Generated by org.testng.reporters.JUnitReportReporter -->
<testsuite skipped="0" hostname="DESKTOP-H6B6O4U" name="com.addchart.demo.BasicTest_Rotate" tests="1" failures="0" timestamp="2020-04-26T19:24:34 IST" time="22.541" errors="0">
  <testcase name="BaseTest" time="22.541" classname="com.addchart.demo.BasicTest_Rotate"/>
  <system-out/>
</testsuite> <!-- com.addchart.demo.BasicTest_Rotate -->
