<?xml version="1.0" encoding="UTF-8"?>
<!-- Generated by org.testng.reporters.JUnitReportReporter -->
<testsuite skipped="0" hostname="DESKTOP-H6B6O4U" name="com.addchart.demo.AmazLoginTest2" tests="1" failures="0" timestamp="2020-04-29T07:26:08 IST" time="51.543" errors="0">
  <testcase name="doLogin" time="51.543" classname="com.addchart.demo.AmazLoginTest2"/>
  <system-out/>
</testsuite> <!-- com.addchart.demo.AmazLoginTest2 -->
