<?xml version="1.0" encoding="UTF-8"?>
<!-- Generated by org.testng.reporters.JUnitReportReporter -->
<testsuite skipped="0" hostname="DESKTOP-H6B6O4U" name="com.addchart.demo.AmazonLogin" tests="1" failures="0" timestamp="2020-04-28T19:00:59 IST" time="29.268" errors="0">
  <testcase name="doLogin" time="29.268" classname="com.addchart.demo.AmazonLogin"/>
  <system-out/>
</testsuite> <!-- com.addchart.demo.AmazonLogin -->
